[15:24:59] [main/INFO] (Launcher) ModLauncher running: args [--launchTarget, forgeclientuserdev, --version, 21.0.167, --assetIndex, 1.21-17, --assetsDir, C:\Users\ASUS\.gradle\caches\fabric-loom\assets, --gameDir, ., --fml.neoForgeVersion, 21.0.167, --fml.fmlVersion, 4.0.23, --fml.mcVersion, 1.21, --fml.neoFormVersion, 20240613.152323]
[15:24:59] [main/INFO] (Launcher) JVM identified as Azul Systems, Inc. OpenJDK 64-Bit Server VM 21.0.4+7-LTS
[15:24:59] [main/INFO] (Launcher) ModLauncher 11.0.4+main.d2e20e43 starting: java version 21.0.4 by Azul Systems, Inc.; OS Windows 11 arch amd64 version 10.0
[15:25:00] [main/INFO] (ImmediateWindowHandler) Loading ImmediateWindowProvider fmlearlywindow
[15:25:00] [main/INFO] (EARLYDISPLAY) Trying GL version 4.6
[15:25:00] [main/INFO] (EARLYDISPLAY) Requested GL version 4.6 got version 4.6
[15:25:00] [main/INFO] (mixin) SpongePowered MIXIN Subsystem Version=0.8.6 Source=union:/C:/Users/ASUS/.gradle/caches/modules-2/files-2.1/net.fabricmc/sponge-mixin/0.14.0+mixin.0.8.6/c265173c84346e9e5d42a2384b2b02bd39a4a899/sponge-mixin-0.14.0+mixin.0.8.6.jar%23119!/ Service=ModLauncher Env=CLIENT
[15:25:00] [main/INFO] (ModDiscoverer) Found mod file "neoforge-21.0.167-minecraft-merged-1.21-loom.mappings.1_21.layered+hash.40545-v2-neoforge-21.0.167.jar" [locator: neoforge devenv provider ([C:\Users\ASUS\.gradle\caches\fabric-loom\minecraftMaven\net\minecraft\neoforge-21.0.167-minecraft-merged\1.21-loom.mappings.1_21.layered+hash.40545-v2-neoforge-21.0.167\neoforge-21.0.167-minecraft-merged-1.21-loom.mappings.1_21.layered+hash.40545-v2-neoforge-21.0.167.jar])]
[15:25:00] [main/INFO] (ModDiscoverer) Found mod file "neoforge-21.0.167-minecraft-merged-1.21-loom.mappings.1_21.layered+hash.40545-v2-neoforge-21.0.167.jar" [locator: neoforge devenv provider ([C:\Users\ASUS\.gradle\caches\fabric-loom\minecraftMaven\net\minecraft\neoforge-21.0.167-minecraft-merged\1.21-loom.mappings.1_21.layered+hash.40545-v2-neoforge-21.0.167\neoforge-21.0.167-minecraft-merged-1.21-loom.mappings.1_21.layered+hash.40545-v2-neoforge-21.0.167.jar])]
[15:25:00] [main/INFO] (ModDiscoverer) Found mod file "main" [locator: userdev mods and services, reader: mod manifest]
[15:25:00] [main/INFO] (ModDiscoverer) Found mod file "neoforge-21.0.167-minecraft-merged-1.21-loom.mappings.1_21.layered+hash.40545-v2-neoforge-21.0.167.jar" [locator: userdev mods and services, reader: mod manifest]
[15:25:00] [main/INFO] (ModDiscoverer) Found mod file "architectury-neoforge-13.0.6.jar" [locator: userdev mods and services, reader: mod manifest]
[15:25:00] [main/INFO] (ModDiscoverer) Found mod file "11083938826357147120.jar" [locator: userdev mods and services, reader: mod manifest]
[15:25:00] [pool-5-thread-1/INFO] (EARLYDISPLAY) GL info: NVIDIA GeForce RTX 4060 Laptop GPU/PCIe/SSE2 GL version 4.6.0 NVIDIA 560.81, NVIDIA Corporation
[15:25:00] [main/INFO] (ModDiscoverer) Found gamelibrary file "mixinextras-neoforge-0.3.5.jar" [locator: userdev mods and services, reader: mod manifest]
[15:25:00] [main/WARN] (JarSelector) Attempted to select a dependency jar for JarJar which was passed in as source: mixinextras-neoforge-0.3.5.jar. Using Mod File: C:\Users\ASUS\.gradle\caches\modules-2\files-2.1\io.github.llamalad7\mixinextras-neoforge\0.3.5\ef3ffcf309dae656517b2f120189b1c9b21737dd\mixinextras-neoforge-0.3.5.jar
[15:25:00] [main/INFO] (JarInJarDependencyLocator) No dependencies to load found. Skipping!
[15:25:00] [main/INFO] (FMLServiceProvider) Loading coremod script-engine for [neoforge]
[15:25:02] [main/INFO] (mixin) Compatibility level set to JAVA_21
[15:25:02] [main/INFO] (LaunchServiceHandler) Launching target 'forgeclientuserdev' with arguments [--version, 21.0.167, --gameDir, ., --assetsDir, C:\Users\ASUS\.gradle\caches\fabric-loom\assets, --assetIndex, 1.21-17]
[15:25:02] [main/INFO] (unprotect) Found 8254 Minecraft classes
[15:25:02] [main/INFO] (MixinExtras|Service) Initializing MixinExtras via com.llamalad7.mixinextras.service.MixinExtrasServiceImpl(version=0.3.5).
[049月2024 15:25:04.687] [Datafixer Bootstrap/INFO] [com.mojang.datafixers.DataFixerBuilder/]: 229 Datafixer optimizations took 405 milliseconds
[049月2024 15:25:09.876] [main/WARN] [net.minecraft.commands.Commands/]: Ambiguity between arguments [teleport, location] and [teleport, destination] with inputs: [0.1 -0.5 .9, 0 0 0]
[049月2024 15:25:09.877] [main/WARN] [net.minecraft.commands.Commands/]: Ambiguity between arguments [teleport, location] and [teleport, targets] with inputs: [0.1 -0.5 .9, 0 0 0]
[049月2024 15:25:09.880] [main/WARN] [net.minecraft.commands.Commands/]: Ambiguity between arguments [teleport, destination] and [teleport, targets] with inputs: [Player, 0123, @e, dd12be42-52a9-4a91-a8a1-11c01849e498]
[049月2024 15:25:09.882] [main/WARN] [net.minecraft.commands.Commands/]: Ambiguity between arguments [teleport, targets] and [teleport, destination] with inputs: [Player, 0123, dd12be42-52a9-4a91-a8a1-11c01849e498]
[049月2024 15:25:09.882] [main/WARN] [net.minecraft.commands.Commands/]: Ambiguity between arguments [teleport, targets, location] and [teleport, targets, destination] with inputs: [0.1 -0.5 .9, 0 0 0]
[049月2024 15:25:10.002] [Render thread/WARN] [net.minecraft.server.packs.VanillaPackResourcesBuilder/]: Assets URL 'union:/C:/Users/ASUS/.gradle/caches/fabric-loom/minecraftMaven/net/minecraft/neoforge-21.0.167-minecraft-merged/1.21-loom.mappings.1_21.layered+hash.40545-v2-neoforge-21.0.167/neoforge-21.0.167-minecraft-merged-1.21-loom.mappings.1_21.layered+hash.40545-v2-neoforge-21.0.167.jar%23191!/assets/.mcassetsroot' uses unexpected schema
[049月2024 15:25:10.002] [Render thread/WARN] [net.minecraft.server.packs.VanillaPackResourcesBuilder/]: Assets URL 'union:/C:/Users/ASUS/.gradle/caches/fabric-loom/minecraftMaven/net/minecraft/neoforge-21.0.167-minecraft-merged/1.21-loom.mappings.1_21.layered+hash.40545-v2-neoforge-21.0.167/neoforge-21.0.167-minecraft-merged-1.21-loom.mappings.1_21.layered+hash.40545-v2-neoforge-21.0.167.jar%23191!/data/.mcassetsroot' uses unexpected schema
[049月2024 15:25:10.039] [Render thread/INFO] [com.mojang.authlib.yggdrasil.YggdrasilAuthenticationService/]: Environment: Environment[sessionHost=https://sessionserver.mojang.com, servicesHost=https://api.minecraftservices.com, name=PROD]
[049月2024 15:25:10.059] [Render thread/INFO] [net.minecraft.client.Minecraft/]: Setting user: Dev
[049月2024 15:25:10.138] [Render thread/INFO] [net.minecraft.client.Minecraft/]: Backend library: LWJGL version 3.3.3+5
[049月2024 15:25:10.441] [modloading-worker-0/INFO] [net.neoforged.neoforge.common.NeoForgeMod/NEOFORGE-MOD]: NeoForge mod loading, version 21.0.167, for MC 1.21
[049月2024 15:25:11.232] [Render thread/INFO] [net.neoforged.neoforge.gametest.GameTestHooks/]: Enabled Gametest Namespaces: []
[049月2024 15:25:11.307] [Render thread/INFO] [net.minecraft.server.packs.resources.ReloadableResourceManager/]: Reloading ResourceManager: vanilla, mod_resources, mod/generated_cc38a87, mod/architectury, mod/betterfly, mod/neoforge
[049月2024 15:25:11.449] [Worker-Main-3/INFO] [net.minecraft.client.gui.font.providers.UnihexProvider/]: Found unifont_jp_patch-15.1.05.hex, loading
[049月2024 15:25:11.449] [Worker-Main-9/INFO] [net.minecraft.client.gui.font.providers.UnihexProvider/]: Found unifont_all_no_pua-15.1.05.hex, loading
[049月2024 15:25:12.520] [Render thread/WARN] [net.minecraft.client.sounds.SoundEngine/]: Missing sound for event: minecraft:item.goat_horn.play
[049月2024 15:25:12.520] [Render thread/WARN] [net.minecraft.client.sounds.SoundEngine/]: Missing sound for event: minecraft:entity.goat.screaming.horn_break
[049月2024 15:25:12.986] [Render thread/INFO] [com.mojang.blaze3d.audio.Library/]: OpenAL initialized on device OpenAL Soft on 扬声器 (Realtek(R) Audio)
[049月2024 15:25:12.986] [Render thread/INFO] [net.minecraft.client.sounds.SoundEngine/SOUNDS]: Sound engine started
[049月2024 15:25:13.060] [Render thread/INFO] [net.minecraft.client.renderer.texture.TextureAtlas/]: Created: 1024x512x0 minecraft:textures/atlas/blocks.png-atlas
[049月2024 15:25:13.065] [Render thread/INFO] [net.minecraft.client.renderer.texture.TextureAtlas/]: Created: 256x256x0 minecraft:textures/atlas/signs.png-atlas
[049月2024 15:25:13.066] [Render thread/INFO] [net.minecraft.client.renderer.texture.TextureAtlas/]: Created: 512x512x0 minecraft:textures/atlas/shield_patterns.png-atlas
[049月2024 15:25:13.066] [Render thread/INFO] [net.minecraft.client.renderer.texture.TextureAtlas/]: Created: 512x512x0 minecraft:textures/atlas/banner_patterns.png-atlas
[049月2024 15:25:13.066] [Render thread/INFO] [net.minecraft.client.renderer.texture.TextureAtlas/]: Created: 1024x1024x0 minecraft:textures/atlas/armor_trims.png-atlas
[049月2024 15:25:13.067] [Render thread/INFO] [net.minecraft.client.renderer.texture.TextureAtlas/]: Created: 128x64x0 minecraft:textures/atlas/decorated_pot.png-atlas
[049月2024 15:25:13.068] [Render thread/INFO] [net.minecraft.client.renderer.texture.TextureAtlas/]: Created: 256x256x0 minecraft:textures/atlas/chest.png-atlas
[049月2024 15:25:13.068] [Render thread/INFO] [net.minecraft.client.renderer.texture.TextureAtlas/]: Created: 512x256x0 minecraft:textures/atlas/shulker_boxes.png-atlas
[049月2024 15:25:13.068] [Render thread/INFO] [net.minecraft.client.renderer.texture.TextureAtlas/]: Created: 512x256x0 minecraft:textures/atlas/beds.png-atlas
[049月2024 15:25:13.319] [Render thread/INFO] [net.minecraft.client.renderer.texture.TextureAtlas/]: Created: 512x256x0 minecraft:textures/atlas/particles.png-atlas
[049月2024 15:25:13.320] [Render thread/INFO] [net.minecraft.client.renderer.texture.TextureAtlas/]: Created: 512x256x0 minecraft:textures/atlas/paintings.png-atlas
[049月2024 15:25:13.320] [Render thread/INFO] [net.minecraft.client.renderer.texture.TextureAtlas/]: Created: 256x128x0 minecraft:textures/atlas/mob_effects.png-atlas
[049月2024 15:25:13.320] [Render thread/INFO] [net.minecraft.client.renderer.texture.TextureAtlas/]: Created: 64x64x0 minecraft:textures/atlas/map_decorations.png-atlas
[049月2024 15:25:13.321] [Render thread/INFO] [net.minecraft.client.renderer.texture.TextureAtlas/]: Created: 1024x512x0 minecraft:textures/atlas/gui.png-atlas
[049月2024 15:25:13.345] [Render thread/WARN] [net.minecraft.client.renderer.ShaderInstance/]: Shader rendertype_entity_translucent_emissive could not find sampler named Sampler2 in the specified shader program.
[049月2024 15:26:08.094] [Render thread/ERROR] [net.neoforged.fml.i18n.FMLTranslations/CORE]: Illegal format found `It's a flight mod
Players can type
/flying
to enable or disable the flying.
`
[049月2024 15:31:20.130] [Render thread/INFO] [net.minecraft.world.item.crafting.RecipeManager/]: Loaded 1290 recipes
[049月2024 15:31:20.269] [Render thread/INFO] [net.minecraft.advancements.AdvancementTree/]: Loaded 1399 advancements
[049月2024 15:31:20.551] [Server thread/INFO] [net.minecraft.client.server.IntegratedServer/]: Starting integrated minecraft server version 1.21
[049月2024 15:31:20.551] [Server thread/INFO] [net.minecraft.server.MinecraftServer/]: Generating keypair
[049月2024 15:31:20.750] [Server thread/INFO] [net.minecraft.server.MinecraftServer/]: Preparing start region for dimension minecraft:overworld
[049月2024 15:31:20.928] [progressListener/INFO] [net.minecraft.server.level.progress.LoggerChunkProgressListener/]: 准备生成区域中：0%
[049月2024 15:31:21.004] [Server thread/INFO] [net.neoforged.neoforge.server.permission.PermissionAPI/]: Successfully initialized permission handler neoforge:default_handler
[049月2024 15:31:21.017] [progressListener/INFO] [net.minecraft.server.level.progress.LoggerChunkProgressListener/]: Time elapsed: 248 ms
[049月2024 15:31:21.094] [Server thread/INFO] [net.minecraft.client.server.IntegratedServer/]: Changing view distance to 8, from 10
[049月2024 15:31:21.094] [Server thread/INFO] [net.minecraft.client.server.IntegratedServer/]: Changing simulation distance to 12, from 0
[049月2024 15:31:21.709] [Server thread/INFO] [net.minecraft.server.players.PlayerList/]: Dev[local:E:eb624610] logged in with entity id 55 at (107.64783078046614, -58.14170836728951, 19.82575655852598)
[049月2024 15:31:21.764] [Server thread/INFO] [net.minecraft.server.MinecraftServer/]: Dev加入了游戏
[049月2024 15:31:22.029] [Render thread/INFO] [net.minecraft.advancements.AdvancementTree/]: Loaded 38 advancements
[049月2024 15:31:22.658] [Server thread/INFO] [net.minecraft.client.server.IntegratedServer/]: Saving and pausing game...
[049月2024 15:31:22.669] [Server thread/INFO] [net.minecraft.server.MinecraftServer/]: Saving chunks for level 'ServerLevel[New World]'/minecraft:overworld
[049月2024 15:31:22.684] [Server thread/INFO] [net.minecraft.server.MinecraftServer/]: Saving chunks for level 'ServerLevel[New World]'/minecraft:the_nether
[049月2024 15:31:22.686] [Server thread/INFO] [net.minecraft.server.MinecraftServer/]: Saving chunks for level 'ServerLevel[New World]'/minecraft:the_end
[049月2024 15:31:25.207] [Render thread/INFO] [net.minecraft.server.network.ServerConnectionListener/]: Using default channel type
[049月2024 15:31:25.213] [Render thread/INFO] [net.minecraft.client.server.IntegratedServer/]: Started serving on 49831
[049月2024 15:31:25.223] [Render thread/INFO] [net.minecraft.client.gui.components.ChatComponent/]: [System] [CHAT] 本地游戏已在端口[49831]上开启
[049月2024 15:31:32.569] [User Authenticator #1/INFO] [net.minecraft.server.network.ServerLoginPacketListenerImpl/]: UUID of player TYX_CnJiu is 8bb9f897-4997-4cc4-b775-a051e1a0f414
[049月2024 15:31:33.142] [Server thread/INFO] [net.minecraft.server.players.PlayerList/]: TYX_CnJiu[/192.168.0.113:49866] logged in with entity id 273 at (-5.5, -60.0, 5.5)
[049月2024 15:31:33.146] [Server thread/INFO] [net.minecraft.server.MinecraftServer/]: TYX_CnJiu加入了游戏
[049月2024 15:31:33.158] [Render thread/INFO] [net.minecraft.client.gui.components.ChatComponent/]: [System] [CHAT] TYX_CnJiu加入了游戏
[049月2024 15:31:40.179] [Server thread/INFO] [net.minecraft.server.MinecraftServer/]: [TYX_CnJiu: 已将TYX_CnJiu传送至Dev]
[049月2024 15:31:40.181] [Render thread/INFO] [net.minecraft.client.gui.components.ChatComponent/]: [System] [CHAT] [TYX_CnJiu: 已将TYX_CnJiu传送至Dev]
[049月2024 15:31:40.185] [Server thread/WARN] [net.minecraft.server.network.ServerGamePacketListenerImpl/]: TYX_CnJiu moved too quickly! 107.19936511914818,0.0,14.513127775409806
[049月2024 15:31:40.201] [Server thread/WARN] [net.minecraft.server.network.ServerGamePacketListenerImpl/]: TYX_CnJiu moved too quickly! 107.19936511914818,0.0,14.513127775409806
[049月2024 15:31:40.207] [Server thread/WARN] [net.minecraft.server.network.ServerGamePacketListenerImpl/]: TYX_CnJiu moved too quickly! 107.19936511914818,0.0,14.513127775409806
[049月2024 15:31:47.905] [Server thread/INFO] [net.minecraft.server.MinecraftServer/]: [TYX_CnJiu: 已将自己的游戏模式设置为生存模式]
[049月2024 15:31:47.906] [Render thread/INFO] [net.minecraft.client.gui.components.ChatComponent/]: [System] [CHAT] [TYX_CnJiu: 已将自己的游戏模式设置为生存模式]
[049月2024 15:31:55.753] [Render thread/INFO] [net.minecraft.client.gui.components.ChatComponent/]: [System] [CHAT] Flying mode enabled
[049月2024 15:33:48.415] [Server thread/INFO] [net.minecraft.server.MinecraftServer/]: Dev被史莱姆杀死了
[049月2024 15:33:48.423] [Render thread/INFO] [net.minecraft.client.gui.components.ChatComponent/]: [System] [CHAT] Dev被史莱姆杀死了
[049月2024 15:33:56.034] [Render thread/INFO] [net.minecraft.client.gui.components.ChatComponent/]: [System] [CHAT] 未知或不完整的命令，错误见下
[049月2024 15:33:56.035] [Render thread/INFO] [net.minecraft.client.gui.components.ChatComponent/]: [System] [CHAT] flt<--[此处]
[049月2024 15:33:58.650] [Render thread/INFO] [net.minecraft.client.gui.components.ChatComponent/]: [System] [CHAT] Flying mode enabled
[049月2024 15:35:50.416] [Server thread/INFO] [net.minecraft.server.network.ServerGamePacketListenerImpl/]: Dev lost connection: 连接中断
[049月2024 15:35:50.417] [Server thread/INFO] [net.minecraft.server.MinecraftServer/]: Dev退出了游戏
[049月2024 15:35:50.425] [Server thread/INFO] [net.minecraft.server.network.ServerCommonPacketListenerImpl/]: Stopping singleplayer server as player logged out
[049月2024 15:35:50.460] [Server thread/INFO] [net.minecraft.server.MinecraftServer/]: Stopping server
[049月2024 15:35:50.461] [Server thread/INFO] [net.minecraft.server.MinecraftServer/]: Saving players
[049月2024 15:35:50.462] [Server thread/INFO] [net.minecraft.server.MinecraftServer/]: Saving worlds
[049月2024 15:35:50.725] [Server thread/INFO] [net.minecraft.server.MinecraftServer/]: Saving chunks for level 'ServerLevel[New World]'/minecraft:overworld
[049月2024 15:35:50.767] [Server thread/INFO] [net.minecraft.server.MinecraftServer/]: Saving chunks for level 'ServerLevel[New World]'/minecraft:the_nether
[049月2024 15:35:50.770] [Server thread/INFO] [net.minecraft.server.MinecraftServer/]: Saving chunks for level 'ServerLevel[New World]'/minecraft:the_end
[049月2024 15:35:50.777] [Server thread/INFO] [net.minecraft.server.MinecraftServer/]: ThreadedAnvilChunkStorage (New World): All chunks are saved
[049月2024 15:35:50.778] [Server thread/INFO] [net.minecraft.server.MinecraftServer/]: ThreadedAnvilChunkStorage (DIM-1): All chunks are saved
[049月2024 15:35:50.778] [Server thread/INFO] [net.minecraft.server.MinecraftServer/]: ThreadedAnvilChunkStorage (DIM1): All chunks are saved
[049月2024 15:35:50.778] [Server thread/INFO] [net.minecraft.server.MinecraftServer/]: ThreadedAnvilChunkStorage: All dimensions are saved
[049月2024 15:35:52.620] [Render thread/INFO] [net.minecraft.client.Minecraft/]: Stopping!
